<?xml version="1.0" encoding="UTF-8"?>
<!-- Generated by org.testng.reporters.JUnitReportReporter -->
<testsuite skipped="0" hostname="ramasesha-lt001" name="mega.automation.AppTest" tests="1" failures="0" timestamp="30 Jul 2021 22:26:25 GMT" time="31.036" errors="0">
  <testcase name="CreateAFile" time="31.036" classname="mega.automation.AppTest"/>
</testsuite> <!-- mega.automation.AppTest -->
