<?xml version="1.0" encoding="UTF-8"?>
<!-- Generated by org.testng.reporters.JUnitReportReporter -->
<testsuite skipped="0" hostname="ramasesha-lt001" name="mega.automation.AppTest" tests="1" failures="0" timestamp="2021-07-30T00:25:20 NZST" time="39.072" errors="0">
  <testcase name="Login" time="39.072" classname="mega.automation.AppTest"/>
  <system-out/>
</testsuite> <!-- mega.automation.AppTest -->
